<?xml version="1.0" encoding="UTF-8"?>
<!-- Generated by org.testng.reporters.JUnitReportReporter -->
<testsuite hostname="jop55-dt" name="com.dbmi.iBRIC.iBRIC_WebLogin" tests="1" failures="0" timestamp="27 Jun 2017 17:20:31 GMT" time="4.821" errors="0">
  <testcase name="testActLogin" time="4.821" classname="com.dbmi.iBRIC.iBRIC_WebLogin"/>
</testsuite> <!-- com.dbmi.iBRIC.iBRIC_WebLogin -->
