<?xml version="1.0" encoding="UTF-8"?>
<!-- Generated by org.testng.reporters.JUnitReportReporter -->
<testsuite hostname="jop55-dt" name="com.dbmi.iBRIC.iBRIC_How2Apply" tests="1" failures="0" timestamp="6 Nov 2017 14:23:01 GMT" time="106.312" errors="0">
  <testcase name="testIbricHow2Apply" time="106.312" classname="com.dbmi.iBRIC.iBRIC_How2Apply"/>
</testsuite> <!-- com.dbmi.iBRIC.iBRIC_How2Apply -->
