<?xml version="1.0" encoding="UTF-8"?>
<!-- Generated by org.testng.reporters.JUnitReportReporter -->
<testsuite hostname="jop55-dt" name="com.dbmi.iBRIC.iBRIC_Contact" tests="1" failures="0" timestamp="6 Nov 2017 14:23:01 GMT" time="97.010" errors="0">
  <testcase name="testIbricContact" time="97.010" classname="com.dbmi.iBRIC.iBRIC_Contact"/>
</testsuite> <!-- com.dbmi.iBRIC.iBRIC_Contact -->
