<?xml version="1.0" encoding="UTF-8"?>
<!-- Generated by org.testng.reporters.JUnitReportReporter -->
<testsuite hostname="jop55-dt" name="com.dbmi.iBRIC.iBRIC_LifeAtIbric" tests="1" failures="0" timestamp="6 Nov 2017 14:23:01 GMT" time="104.034" errors="0">
  <testcase name="testIbricLifeAtIbric" time="104.034" classname="com.dbmi.iBRIC.iBRIC_LifeAtIbric"/>
</testsuite> <!-- com.dbmi.iBRIC.iBRIC_LifeAtIbric -->
